{
  "numFailedTestSuites": 0,
  "numFailedTests": 0,
  "numPassedTestSuites": 4,
  "numPassedTests": 12,
  "numPendingTestSuites": 0,
  "numPendingTests": 0,
  "numRuntimeErrorTestSuites": 0,
  "numTodoTests": 0,
  "numTotalTestSuites": 4,
  "numTotalTests": 12,
  "openHandles": [],
  "snapshot": {
    "added": 0,
    "didUpdate": false,
    "failure": false,
    "filesAdded": 0,
    "filesRemoved": 0,
    "filesRemovedList": [],
    "filesUnmatched": 0,
    "filesUpdated": 0,
    "matched": 0,
    "total": 0,
    "unchecked": 0,
    "uncheckedKeysByFile": [],
    "unmatched": 0,
    "updated": 0
  },
  "startTime": 1620049850426,
  "success": false,
  "testResults": [
    {
      "leaks": false,
      "numFailingTests": 0,
      "numPassingTests": 4,
      "numPendingTests": 0,
      "numTodoTests": 0,
      "openHandles": [],
      "perfStats": {
        "end": 1620049852206,
        "runtime": 796,
        "slow": false,
        "start": 1620049851410
      },
      "skipped": false,
      "snapshot": {
        "added": 0,
        "fileDeleted": false,
        "matched": 0,
        "unchecked": 0,
        "unmatched": 0,
        "updated": 0,
        "uncheckedKeys": []
      },
      "testFilePath": "/Users/abhiramkalagarla/Downloads/unibuddy-challenge-sdet-master/server/repository/get-summary-data.test.js",
      "testResults": [
        {
          "ancestorTitles": [],
          "duration": 29,
          "failureDetails": [],
          "failureMessages": [],
          "fullName": "Verify calling getSummaryData",
          "location": null,
          "numPassingAsserts": 0,
          "status": "passed",
          "title": "Verify calling getSummaryData"
        },
        {
          "ancestorTitles": [],
          "duration": 7,
          "failureDetails": [],
          "failureMessages": [],
          "fullName": "Verify calling getSummaryData with more books than existing",
          "location": null,
          "numPassingAsserts": 0,
          "status": "passed",
          "title": "Verify calling getSummaryData with more books than existing"
        },
        {
          "ancestorTitles": [],
          "duration": 8,
          "failureDetails": [],
          "failureMessages": [],
          "fullName": "Verify calling getSummaryData without any query",
          "location": null,
          "numPassingAsserts": 0,
          "status": "passed",
          "title": "Verify calling getSummaryData without any query"
        },
        {
          "ancestorTitles": [],
          "duration": 6,
          "failureDetails": [],
          "failureMessages": [],
          "fullName": "Verify calling getSummaryData with number of books as 0",
          "location": null,
          "numPassingAsserts": 0,
          "status": "passed",
          "title": "Verify calling getSummaryData with number of books as 0"
        }
      ],
      "failureMessage": null
    },
    {
      "leaks": false,
      "numFailingTests": 0,
      "numPassingTests": 3,
      "numPendingTests": 0,
      "numTodoTests": 0,
      "openHandles": [],
      "perfStats": {
        "end": 1620049852210,
        "runtime": 800,
        "slow": false,
        "start": 1620049851410
      },
      "skipped": false,
      "snapshot": {
        "added": 0,
        "fileDeleted": false,
        "matched": 0,
        "unchecked": 0,
        "unmatched": 0,
        "updated": 0,
        "uncheckedKeys": []
      },
      "testFilePath": "/Users/abhiramkalagarla/Downloads/unibuddy-challenge-sdet-master/server/application/controller.test.js",
      "testResults": [
        {
          "ancestorTitles": [],
          "duration": 3,
          "failureDetails": [],
          "failureMessages": [],
          "fullName": "test controller when results_length is equal to existing number of books",
          "location": null,
          "numPassingAsserts": 0,
          "status": "passed",
          "title": "test controller when results_length is equal to existing number of books"
        },
        {
          "ancestorTitles": [],
          "duration": 1,
          "failureDetails": [],
          "failureMessages": [],
          "fullName": "test controller when results length is greater than existing",
          "location": null,
          "numPassingAsserts": 0,
          "status": "passed",
          "title": "test controller when results length is greater than existing"
        },
        {
          "ancestorTitles": [],
          "duration": 0,
          "failureDetails": [],
          "failureMessages": [],
          "fullName": "test controller when there is empty response from getSummaryData",
          "location": null,
          "numPassingAsserts": 0,
          "status": "passed",
          "title": "test controller when there is empty response from getSummaryData"
        }
      ],
      "failureMessage": null
    },
    {
      "leaks": false,
      "numFailingTests": 0,
      "numPassingTests": 4,
      "numPendingTests": 0,
      "numTodoTests": 0,
      "openHandles": [],
      "perfStats": {
        "end": 1620049854450,
        "runtime": 2367,
        "slow": false,
        "start": 1620049852083
      },
      "skipped": false,
      "snapshot": {
        "added": 0,
        "fileDeleted": false,
        "matched": 0,
        "unchecked": 0,
        "unmatched": 0,
        "updated": 0,
        "uncheckedKeys": []
      },
      "testFilePath": "/Users/abhiramkalagarla/Downloads/unibuddy-challenge-sdet-master/server/repository/get-author-data.test.js",
      "testResults": [
        {
          "ancestorTitles": [],
          "duration": 245,
          "failureDetails": [],
          "failureMessages": [],
          "fullName": "Verify calling getAuthorData",
          "location": null,
          "numPassingAsserts": 0,
          "status": "passed",
          "title": "Verify calling getAuthorData"
        },
        {
          "ancestorTitles": [],
          "duration": 521,
          "failureDetails": [],
          "failureMessages": [],
          "fullName": "Verify calling getAuthorData with non existing book id",
          "location": null,
          "numPassingAsserts": 0,
          "status": "passed",
          "title": "Verify calling getAuthorData with non existing book id"
        },
        {
          "ancestorTitles": [],
          "duration": 530,
          "failureDetails": [],
          "failureMessages": [],
          "fullName": "Verify calling getAuthorData with no book id",
          "location": null,
          "numPassingAsserts": 0,
          "status": "passed",
          "title": "Verify calling getAuthorData with no book id"
        },
        {
          "ancestorTitles": [],
          "duration": 488,
          "failureDetails": [],
          "failureMessages": [],
          "fullName": "Verify calling getAuthorData with invalid book id",
          "location": null,
          "numPassingAsserts": 0,
          "status": "passed",
          "title": "Verify calling getAuthorData with invalid book id"
        }
      ],
      "failureMessage": null
    },
    {
      "leaks": false,
      "numFailingTests": 0,
      "numPassingTests": 1,
      "numPendingTests": 0,
      "numTodoTests": 0,
      "openHandles": [],
      "perfStats": {
        "end": 1620049854702,
        "runtime": 2614,
        "slow": false,
        "start": 1620049852088
      },
      "skipped": false,
      "snapshot": {
        "added": 0,
        "fileDeleted": false,
        "matched": 0,
        "unchecked": 0,
        "unmatched": 0,
        "updated": 0,
        "uncheckedKeys": []
      },
      "testFilePath": "/Users/abhiramkalagarla/Downloads/unibuddy-challenge-sdet-master/server/__tests__/server.test.js",
      "testResults": [
        {
          "ancestorTitles": [
            "Positive cases for Server"
          ],
          "duration": 535,
          "failureDetails": [],
          "failureMessages": [],
          "fullName": "Positive cases for Server Search Summary and Author with Valid queries and count",
          "location": null,
          "numPassingAsserts": 0,
          "status": "passed",
          "title": "Search Summary and Author with Valid queries and count"
        }
      ],
      "failureMessage": null
    }
  ],
  "wasInterrupted": false,
  "coverageMap": {
    "/Users/abhiramkalagarla/Downloads/unibuddy-challenge-sdet-master/server/repository/get-summary-data.js": {
      "path": "/Users/abhiramkalagarla/Downloads/unibuddy-challenge-sdet-master/server/repository/get-summary-data.js",
      "statementMap": {
        "0": {
          "start": {
            "line": 1,
            "column": 16
          },
          "end": {
            "line": 1,
            "column": 34
          }
        },
        "1": {
          "start": {
            "line": 4,
            "column": 4
          },
          "end": {
            "line": 4,
            "column": 65
          }
        },
        "2": {
          "start": {
            "line": 5,
            "column": 4
          },
          "end": {
            "line": 12,
            "column": 7
          }
        },
        "3": {
          "start": {
            "line": 6,
            "column": 8
          },
          "end": {
            "line": 11,
            "column": 11
          }
        },
        "4": {
          "start": {
            "line": 7,
            "column": 12
          },
          "end": {
            "line": 9,
            "column": 13
          }
        },
        "5": {
          "start": {
            "line": 8,
            "column": 16
          },
          "end": {
            "line": 8,
            "column": 33
          }
        },
        "6": {
          "start": {
            "line": 10,
            "column": 12
          },
          "end": {
            "line": 10,
            "column": 26
          }
        },
        "7": {
          "start": {
            "line": 15,
            "column": 0
          },
          "end": {
            "line": 15,
            "column": 32
          }
        }
      },
      "fnMap": {
        "0": {
          "name": "getSummaryData",
          "decl": {
            "start": {
              "line": 3,
              "column": 9
            },
            "end": {
              "line": 3,
              "column": 23
            }
          },
          "loc": {
            "start": {
              "line": 3,
              "column": 46
            },
            "end": {
              "line": 13,
              "column": 1
            }
          },
          "line": 3
        },
        "1": {
          "name": "(anonymous_1)",
          "decl": {
            "start": {
              "line": 5,
              "column": 23
            },
            "end": {
              "line": 5,
              "column": 24
            }
          },
          "loc": {
            "start": {
              "line": 5,
              "column": 44
            },
            "end": {
              "line": 12,
              "column": 5
            }
          },
          "line": 5
        },
        "2": {
          "name": "(anonymous_2)",
          "decl": {
            "start": {
              "line": 6,
              "column": 80
            },
            "end": {
              "line": 6,
              "column": 81
            }
          },
          "loc": {
            "start": {
              "line": 6,
              "column": 94
            },
            "end": {
              "line": 11,
              "column": 9
            }
          },
          "line": 6
        }
      },
      "branchMap": {
        "0": {
          "loc": {
            "start": {
              "line": 7,
              "column": 12
            },
            "end": {
              "line": 9,
              "column": 13
            }
          },
          "type": "if",
          "locations": [
            {
              "start": {
                "line": 7,
                "column": 12
              },
              "end": {
                "line": 9,
                "column": 13
              }
            },
            {
              "start": {
                "line": 7,
                "column": 12
              },
              "end": {
                "line": 9,
                "column": 13
              }
            }
          ],
          "line": 7
        }
      },
      "s": {
        "0": 3,
        "1": 5,
        "2": 5,
        "3": 5,
        "4": 5,
        "5": 0,
        "6": 5,
        "7": 3
      },
      "f": {
        "0": 5,
        "1": 5,
        "2": 5
      },
      "b": {
        "0": [
          0,
          5
        ]
      },
      "_coverageSchema": "1a1c01bbd47fc00a2c39e90264f33305004495a9",
      "hash": "a570a871b1954cf3495fa73f69c9e5af9659af6e"
    },
    "/Users/abhiramkalagarla/Downloads/unibuddy-challenge-sdet-master/server/repository/get-author-data.js": {
      "path": "/Users/abhiramkalagarla/Downloads/unibuddy-challenge-sdet-master/server/repository/get-author-data.js",
      "statementMap": {
        "0": {
          "start": {
            "line": 1,
            "column": 16
          },
          "end": {
            "line": 1,
            "column": 34
          }
        },
        "1": {
          "start": {
            "line": 4,
            "column": 4
          },
          "end": {
            "line": 4,
            "column": 41
          }
        },
        "2": {
          "start": {
            "line": 5,
            "column": 4
          },
          "end": {
            "line": 12,
            "column": 7
          }
        },
        "3": {
          "start": {
            "line": 6,
            "column": 8
          },
          "end": {
            "line": 11,
            "column": 11
          }
        },
        "4": {
          "start": {
            "line": 7,
            "column": 12
          },
          "end": {
            "line": 9,
            "column": 13
          }
        },
        "5": {
          "start": {
            "line": 8,
            "column": 16
          },
          "end": {
            "line": 8,
            "column": 33
          }
        },
        "6": {
          "start": {
            "line": 10,
            "column": 12
          },
          "end": {
            "line": 10,
            "column": 26
          }
        },
        "7": {
          "start": {
            "line": 15,
            "column": 0
          },
          "end": {
            "line": 15,
            "column": 31
          }
        }
      },
      "fnMap": {
        "0": {
          "name": "getAuthorData",
          "decl": {
            "start": {
              "line": 3,
              "column": 9
            },
            "end": {
              "line": 3,
              "column": 22
            }
          },
          "loc": {
            "start": {
              "line": 3,
              "column": 31
            },
            "end": {
              "line": 13,
              "column": 1
            }
          },
          "line": 3
        },
        "1": {
          "name": "(anonymous_1)",
          "decl": {
            "start": {
              "line": 5,
              "column": 23
            },
            "end": {
              "line": 5,
              "column": 24
            }
          },
          "loc": {
            "start": {
              "line": 5,
              "column": 44
            },
            "end": {
              "line": 12,
              "column": 5
            }
          },
          "line": 5
        },
        "2": {
          "name": "(anonymous_2)",
          "decl": {
            "start": {
              "line": 6,
              "column": 66
            },
            "end": {
              "line": 6,
              "column": 67
            }
          },
          "loc": {
            "start": {
              "line": 6,
              "column": 80
            },
            "end": {
              "line": 11,
              "column": 9
            }
          },
          "line": 6
        }
      },
      "branchMap": {
        "0": {
          "loc": {
            "start": {
              "line": 7,
              "column": 12
            },
            "end": {
              "line": 9,
              "column": 13
            }
          },
          "type": "if",
          "locations": [
            {
              "start": {
                "line": 7,
                "column": 12
              },
              "end": {
                "line": 9,
                "column": 13
              }
            },
            {
              "start": {
                "line": 7,
                "column": 12
              },
              "end": {
                "line": 9,
                "column": 13
              }
            }
          ],
          "line": 7
        }
      },
      "s": {
        "0": 3,
        "1": 5,
        "2": 5,
        "3": 5,
        "4": 5,
        "5": 0,
        "6": 5,
        "7": 3
      },
      "f": {
        "0": 5,
        "1": 5,
        "2": 5
      },
      "b": {
        "0": [
          0,
          5
        ]
      },
      "_coverageSchema": "1a1c01bbd47fc00a2c39e90264f33305004495a9",
      "hash": "a9b54d02c70d14f5d6890a1e0ec8f0b960f41720"
    },
    "/Users/abhiramkalagarla/Downloads/unibuddy-challenge-sdet-master/server/application/controller.js": {
      "path": "/Users/abhiramkalagarla/Downloads/unibuddy-challenge-sdet-master/server/application/controller.js",
      "statementMap": {
        "0": {
          "start": {
            "line": 1,
            "column": 22
          },
          "end": {
            "line": 1,
            "column": 62
          }
        },
        "1": {
          "start": {
            "line": 2,
            "column": 23
          },
          "end": {
            "line": 2,
            "column": 64
          }
        },
        "2": {
          "start": {
            "line": 5,
            "column": 38
          },
          "end": {
            "line": 5,
            "column": 46
          }
        },
        "3": {
          "start": {
            "line": 6,
            "column": 20
          },
          "end": {
            "line": 6,
            "column": 22
          }
        },
        "4": {
          "start": {
            "line": 7,
            "column": 20
          },
          "end": {
            "line": 7,
            "column": 22
          }
        },
        "5": {
          "start": {
            "line": 8,
            "column": 29
          },
          "end": {
            "line": 10,
            "column": 6
          }
        },
        "6": {
          "start": {
            "line": 9,
            "column": 8
          },
          "end": {
            "line": 9,
            "column": 61
          }
        },
        "7": {
          "start": {
            "line": 11,
            "column": 25
          },
          "end": {
            "line": 11,
            "column": 60
          }
        },
        "8": {
          "start": {
            "line": 12,
            "column": 4
          },
          "end": {
            "line": 23,
            "column": 7
          }
        },
        "9": {
          "start": {
            "line": 13,
            "column": 8
          },
          "end": {
            "line": 22,
            "column": 9
          }
        },
        "10": {
          "start": {
            "line": 14,
            "column": 12
          },
          "end": {
            "line": 17,
            "column": 24
          }
        },
        "11": {
          "start": {
            "line": 15,
            "column": 16
          },
          "end": {
            "line": 15,
            "column": 31
          }
        },
        "12": {
          "start": {
            "line": 16,
            "column": 16
          },
          "end": {
            "line": 16,
            "column": 27
          }
        },
        "13": {
          "start": {
            "line": 18,
            "column": 12
          },
          "end": {
            "line": 20,
            "column": 14
          }
        },
        "14": {
          "start": {
            "line": 19,
            "column": 16
          },
          "end": {
            "line": 19,
            "column": 38
          }
        },
        "15": {
          "start": {
            "line": 21,
            "column": 12
          },
          "end": {
            "line": 21,
            "column": 35
          }
        },
        "16": {
          "start": {
            "line": 24,
            "column": 28
          },
          "end": {
            "line": 26,
            "column": 6
          }
        },
        "17": {
          "start": {
            "line": 25,
            "column": 8
          },
          "end": {
            "line": 25,
            "column": 37
          }
        },
        "18": {
          "start": {
            "line": 27,
            "column": 24
          },
          "end": {
            "line": 27,
            "column": 58
          }
        },
        "19": {
          "start": {
            "line": 28,
            "column": 22
          },
          "end": {
            "line": 31,
            "column": 9
          }
        },
        "20": {
          "start": {
            "line": 29,
            "column": 8
          },
          "end": {
            "line": 29,
            "column": 47
          }
        },
        "21": {
          "start": {
            "line": 30,
            "column": 8
          },
          "end": {
            "line": 30,
            "column": 19
          }
        },
        "22": {
          "start": {
            "line": 32,
            "column": 4
          },
          "end": {
            "line": 36,
            "column": 7
          }
        },
        "23": {
          "start": {
            "line": 33,
            "column": 8
          },
          "end": {
            "line": 35,
            "column": 11
          }
        },
        "24": {
          "start": {
            "line": 34,
            "column": 12
          },
          "end": {
            "line": 34,
            "column": 49
          }
        },
        "25": {
          "start": {
            "line": 37,
            "column": 4
          },
          "end": {
            "line": 37,
            "column": 22
          }
        },
        "26": {
          "start": {
            "line": 40,
            "column": 0
          },
          "end": {
            "line": 40,
            "column": 26
          }
        }
      },
      "fnMap": {
        "0": {
          "name": "getLogic",
          "decl": {
            "start": {
              "line": 4,
              "column": 15
            },
            "end": {
              "line": 4,
              "column": 23
            }
          },
          "loc": {
            "start": {
              "line": 4,
              "column": 33
            },
            "end": {
              "line": 38,
              "column": 1
            }
          },
          "line": 4
        },
        "1": {
          "name": "(anonymous_1)",
          "decl": {
            "start": {
              "line": 8,
              "column": 41
            },
            "end": {
              "line": 8,
              "column": 42
            }
          },
          "loc": {
            "start": {
              "line": 8,
              "column": 50
            },
            "end": {
              "line": 10,
              "column": 5
            }
          },
          "line": 8
        },
        "2": {
          "name": "(anonymous_2)",
          "decl": {
            "start": {
              "line": 12,
              "column": 25
            },
            "end": {
              "line": 12,
              "column": 26
            }
          },
          "loc": {
            "start": {
              "line": 12,
              "column": 44
            },
            "end": {
              "line": 23,
              "column": 5
            }
          },
          "line": 12
        },
        "3": {
          "name": "(anonymous_3)",
          "decl": {
            "start": {
              "line": 14,
              "column": 28
            },
            "end": {
              "line": 14,
              "column": 29
            }
          },
          "loc": {
            "start": {
              "line": 14,
              "column": 40
            },
            "end": {
              "line": 17,
              "column": 13
            }
          },
          "line": 14
        },
        "4": {
          "name": "(anonymous_4)",
          "decl": {
            "start": {
              "line": 18,
              "column": 29
            },
            "end": {
              "line": 18,
              "column": 30
            }
          },
          "loc": {
            "start": {
              "line": 18,
              "column": 34
            },
            "end": {
              "line": 20,
              "column": 13
            }
          },
          "line": 18
        },
        "5": {
          "name": "(anonymous_5)",
          "decl": {
            "start": {
              "line": 24,
              "column": 40
            },
            "end": {
              "line": 24,
              "column": 41
            }
          },
          "loc": {
            "start": {
              "line": 24,
              "column": 50
            },
            "end": {
              "line": 26,
              "column": 5
            }
          },
          "line": 24
        },
        "6": {
          "name": "(anonymous_6)",
          "decl": {
            "start": {
              "line": 28,
              "column": 41
            },
            "end": {
              "line": 28,
              "column": 42
            }
          },
          "loc": {
            "start": {
              "line": 28,
              "column": 62
            },
            "end": {
              "line": 31,
              "column": 5
            }
          },
          "line": 28
        },
        "7": {
          "name": "(anonymous_7)",
          "decl": {
            "start": {
              "line": 32,
              "column": 20
            },
            "end": {
              "line": 32,
              "column": 21
            }
          },
          "loc": {
            "start": {
              "line": 32,
              "column": 35
            },
            "end": {
              "line": 36,
              "column": 5
            }
          },
          "line": 32
        },
        "8": {
          "name": "(anonymous_8)",
          "decl": {
            "start": {
              "line": 33,
              "column": 28
            },
            "end": {
              "line": 33,
              "column": 29
            }
          },
          "loc": {
            "start": {
              "line": 33,
              "column": 38
            },
            "end": {
              "line": 35,
              "column": 9
            }
          },
          "line": 33
        }
      },
      "branchMap": {
        "0": {
          "loc": {
            "start": {
              "line": 13,
              "column": 8
            },
            "end": {
              "line": 22,
              "column": 9
            }
          },
          "type": "if",
          "locations": [
            {
              "start": {
                "line": 13,
                "column": 8
              },
              "end": {
                "line": 22,
                "column": 9
              }
            },
            {
              "start": {
                "line": 13,
                "column": 8
              },
              "end": {
                "line": 22,
                "column": 9
              }
            }
          ],
          "line": 13
        }
      },
      "s": {
        "0": 2,
        "1": 2,
        "2": 4,
        "3": 4,
        "4": 4,
        "5": 4,
        "6": 6,
        "7": 4,
        "8": 4,
        "9": 6,
        "10": 5,
        "11": 5,
        "12": 5,
        "13": 5,
        "14": 5,
        "15": 5,
        "16": 4,
        "17": 5,
        "18": 4,
        "19": 4,
        "20": 5,
        "21": 5,
        "22": 4,
        "23": 5,
        "24": 5,
        "25": 4,
        "26": 2
      },
      "f": {
        "0": 4,
        "1": 6,
        "2": 6,
        "3": 5,
        "4": 5,
        "5": 5,
        "6": 5,
        "7": 5,
        "8": 5
      },
      "b": {
        "0": [
          5,
          1
        ]
      },
      "_coverageSchema": "1a1c01bbd47fc00a2c39e90264f33305004495a9",
      "hash": "e57ee069757f107bb423bc94cd968f38a81023cf"
    },
    "/Users/abhiramkalagarla/Downloads/unibuddy-challenge-sdet-master/server/commonTest.js": {
      "path": "/Users/abhiramkalagarla/Downloads/unibuddy-challenge-sdet-master/server/commonTest.js",
      "statementMap": {
        "0": {
          "start": {
            "line": 1,
            "column": 16
          },
          "end": {
            "line": 1,
            "column": 36
          }
        },
        "1": {
          "start": {
            "line": 2,
            "column": 12
          },
          "end": {
            "line": 2,
            "column": 35
          }
        },
        "2": {
          "start": {
            "line": 14,
            "column": 0
          },
          "end": {
            "line": 19,
            "column": 5
          }
        }
      },
      "fnMap": {},
      "branchMap": {},
      "s": {
        "0": 1,
        "1": 1,
        "2": 1
      },
      "f": {},
      "b": {},
      "_coverageSchema": "1a1c01bbd47fc00a2c39e90264f33305004495a9",
      "hash": "ccc0cd03dae20c4e84800531017c25641aaa96ad"
    },
    "/Users/abhiramkalagarla/Downloads/unibuddy-challenge-sdet-master/server/api/server.js": {
      "path": "/Users/abhiramkalagarla/Downloads/unibuddy-challenge-sdet-master/server/api/server.js",
      "statementMap": {
        "0": {
          "start": {
            "line": 1,
            "column": 16
          },
          "end": {
            "line": 1,
            "column": 34
          }
        },
        "1": {
          "start": {
            "line": 2,
            "column": 19
          },
          "end": {
            "line": 2,
            "column": 41
          }
        },
        "2": {
          "start": {
            "line": 3,
            "column": 13
          },
          "end": {
            "line": 3,
            "column": 28
          }
        },
        "3": {
          "start": {
            "line": 4,
            "column": 12
          },
          "end": {
            "line": 4,
            "column": 21
          }
        },
        "4": {
          "start": {
            "line": 6,
            "column": 17
          },
          "end": {
            "line": 6,
            "column": 53
          }
        },
        "5": {
          "start": {
            "line": 8,
            "column": 0
          },
          "end": {
            "line": 8,
            "column": 22
          }
        },
        "6": {
          "start": {
            "line": 9,
            "column": 0
          },
          "end": {
            "line": 9,
            "column": 16
          }
        },
        "7": {
          "start": {
            "line": 10,
            "column": 13
          },
          "end": {
            "line": 10,
            "column": 17
          }
        },
        "8": {
          "start": {
            "line": 12,
            "column": 0
          },
          "end": {
            "line": 12,
            "column": 24
          }
        },
        "9": {
          "start": {
            "line": 14,
            "column": 0
          },
          "end": {
            "line": 14,
            "column": 77
          }
        },
        "10": {
          "start": {
            "line": 14,
            "column": 23
          },
          "end": {
            "line": 14,
            "column": 76
          }
        },
        "11": {
          "start": {
            "line": 16,
            "column": 0
          },
          "end": {
            "line": 16,
            "column": 21
          }
        }
      },
      "fnMap": {
        "0": {
          "name": "(anonymous_0)",
          "decl": {
            "start": {
              "line": 14,
              "column": 17
            },
            "end": {
              "line": 14,
              "column": 18
            }
          },
          "loc": {
            "start": {
              "line": 14,
              "column": 23
            },
            "end": {
              "line": 14,
              "column": 76
            }
          },
          "line": 14
        }
      },
      "branchMap": {},
      "s": {
        "0": 1,
        "1": 1,
        "2": 1,
        "3": 1,
        "4": 1,
        "5": 1,
        "6": 1,
        "7": 1,
        "8": 1,
        "9": 1,
        "10": 1,
        "11": 1
      },
      "f": {
        "0": 1
      },
      "b": {},
      "_coverageSchema": "1a1c01bbd47fc00a2c39e90264f33305004495a9",
      "hash": "05498b7b2d9471b2a0a1bd87f827cfe3d5e7cae5"
    }
  }
}