<?xml version="1.0" encoding="UTF-8"?>
<coverage generated="1619965342596" clover="3.2.0">
  <project timestamp="1619965342596" name="All files">
    <metrics statements="13" coveredstatements="12" conditionals="2" coveredconditionals="1" methods="4" coveredmethods="4" elements="19" coveredelements="17" complexity="0" loc="13" ncloc="13" packages="2" files="2" classes="2"/>
    <package name="application">
      <metrics statements="4" coveredstatements="4" conditionals="0" coveredconditionals="0" methods="1" coveredmethods="1"/>
      <file name="controller.js" path="/Users/abhiramkalagarla/Downloads/unibuddy-challenge-sdet-master/author-service/application/controller.js">
        <metrics statements="4" coveredstatements="4" conditionals="0" coveredconditionals="0" methods="1" coveredmethods="1"/>
        <line num="1" count="1" type="stmt"/>
        <line num="4" count="2" type="stmt"/>
        <line num="5" count="2" type="stmt"/>
        <line num="8" count="1" type="stmt"/>
      </file>
    </package>
    <package name="repository">
      <metrics statements="9" coveredstatements="8" conditionals="2" coveredconditionals="1" methods="3" coveredmethods="3"/>
      <file name="get-data.js" path="/Users/abhiramkalagarla/Downloads/unibuddy-challenge-sdet-master/author-service/repository/get-data.js">
        <metrics statements="9" coveredstatements="8" conditionals="2" coveredconditionals="1" methods="3" coveredmethods="3"/>
        <line num="1" count="2" type="stmt"/>
        <line num="4" count="4" type="stmt"/>
        <line num="5" count="4" type="stmt"/>
        <line num="6" count="4" type="stmt"/>
        <line num="7" count="4" type="cond" truecount="1" falsecount="1"/>
        <line num="8" count="0" type="stmt"/>
        <line num="10" count="4" type="stmt"/>
        <line num="11" count="4" type="stmt"/>
        <line num="16" count="2" type="stmt"/>
      </file>
    </package>
  </project>
</coverage>
