<?xml version="1.0" encoding="UTF-8"?>
<coverage generated="1620111054933" clover="3.2.0">
  <project timestamp="1620111054933" name="All files">
    <metrics statements="46" coveredstatements="46" conditionals="14" coveredconditionals="13" methods="8" coveredmethods="8" elements="68" coveredelements="67" complexity="0" loc="46" ncloc="46" packages="4" files="4" classes="4"/>
    <package name="search-service">
      <metrics statements="3" coveredstatements="3" conditionals="0" coveredconditionals="0" methods="0" coveredmethods="0"/>
      <file name="commonTest.js" path="/Users/abhiramkalagarla/Downloads/unibuddy-challenge-sdet-master/search-service/commonTest.js">
        <metrics statements="3" coveredstatements="3" conditionals="0" coveredconditionals="0" methods="0" coveredmethods="0"/>
        <line num="1" count="1" type="stmt"/>
        <line num="2" count="1" type="stmt"/>
        <line num="14" count="1" type="stmt"/>
      </file>
    </package>
    <package name="search-service.api">
      <metrics statements="11" coveredstatements="11" conditionals="0" coveredconditionals="0" methods="1" coveredmethods="1"/>
      <file name="server.js" path="/Users/abhiramkalagarla/Downloads/unibuddy-challenge-sdet-master/search-service/api/server.js">
        <metrics statements="11" coveredstatements="11" conditionals="0" coveredconditionals="0" methods="1" coveredmethods="1"/>
        <line num="1" count="1" type="stmt"/>
        <line num="2" count="1" type="stmt"/>
        <line num="3" count="1" type="stmt"/>
        <line num="4" count="1" type="stmt"/>
        <line num="6" count="1" type="stmt"/>
        <line num="8" count="1" type="stmt"/>
        <line num="9" count="1" type="stmt"/>
        <line num="10" count="1" type="stmt"/>
        <line num="12" count="1" type="stmt"/>
        <line num="14" count="1" type="stmt"/>
        <line num="16" count="1" type="stmt"/>
      </file>
    </package>
    <package name="search-service.application">
      <metrics statements="4" coveredstatements="4" conditionals="0" coveredconditionals="0" methods="1" coveredmethods="1"/>
      <file name="controller.js" path="/Users/abhiramkalagarla/Downloads/unibuddy-challenge-sdet-master/search-service/application/controller.js">
        <metrics statements="4" coveredstatements="4" conditionals="0" coveredconditionals="0" methods="1" coveredmethods="1"/>
        <line num="1" count="2" type="stmt"/>
        <line num="5" count="8" type="stmt"/>
        <line num="7" count="8" type="stmt"/>
        <line num="10" count="2" type="stmt"/>
      </file>
    </package>
    <package name="search-service.repository">
      <metrics statements="28" coveredstatements="28" conditionals="14" coveredconditionals="13" methods="6" coveredmethods="6"/>
      <file name="get-data.js" path="/Users/abhiramkalagarla/Downloads/unibuddy-challenge-sdet-master/search-service/repository/get-data.js">
        <metrics statements="28" coveredstatements="28" conditionals="14" coveredconditionals="13" methods="6" coveredmethods="6"/>
        <line num="1" count="3" type="stmt"/>
        <line num="3" count="3" type="stmt"/>
        <line num="4" count="165" type="stmt"/>
        <line num="5" count="165" type="stmt"/>
        <line num="6" count="165" type="stmt"/>
        <line num="7" count="165" type="stmt"/>
        <line num="8" count="165" type="stmt"/>
        <line num="9" count="10761" type="cond" truecount="1" falsecount="1"/>
        <line num="10" count="10761" type="stmt"/>
        <line num="11" count="10761" type="stmt"/>
        <line num="12" count="10761" type="stmt"/>
        <line num="13" count="10761" type="cond" truecount="2" falsecount="0"/>
        <line num="14" count="7971" type="cond" truecount="2" falsecount="0"/>
        <line num="20" count="8" type="stmt"/>
        <line num="21" count="8" type="stmt"/>
        <line num="22" count="8" type="stmt"/>
        <line num="23" count="440" type="stmt"/>
        <line num="24" count="660" type="cond" truecount="2" falsecount="0"/>
        <line num="25" count="389" type="stmt"/>
        <line num="26" count="660" type="stmt"/>
        <line num="28" count="440" type="cond" truecount="2" falsecount="0"/>
        <line num="29" count="277" type="stmt"/>
        <line num="31" count="8" type="stmt"/>
        <line num="32" count="1219" type="cond" truecount="2" falsecount="0"/>
        <line num="33" count="369" type="stmt"/>
        <line num="34" count="850" type="stmt"/>
        <line num="36" count="8" type="cond" truecount="2" falsecount="0"/>
        <line num="39" count="3" type="stmt"/>
      </file>
    </package>
  </project>
</coverage>
