TN:
SF:commonTest.js
FNF:0
FNH:0
DA:1,1
DA:2,1
DA:14,1
LF:3
LH:3
BRF:0
BRH:0
end_of_record
TN:
SF:api/server.js
FN:14,(anonymous_0)
FNF:1
FNH:1
FNDA:1,(anonymous_0)
DA:1,1
DA:2,1
DA:3,1
DA:4,1
DA:6,1
DA:8,1
DA:9,1
DA:10,1
DA:12,1
DA:14,1
DA:16,1
LF:11
LH:11
BRF:0
BRH:0
end_of_record
TN:
SF:application/controller.js
FN:4,getLogic
FNF:1
FNH:1
FNDA:8,getLogic
DA:1,2
DA:5,8
DA:7,8
DA:10,2
LF:4
LH:4
BRF:0
BRH:0
end_of_record
TN:
SF:repository/get-data.js
FN:3,(anonymous_0)
FN:8,(anonymous_1)
FN:19,getData
FN:22,(anonymous_3)
FN:23,(anonymous_4)
FN:31,(anonymous_5)
FNF:6
FNH:6
FNDA:165,(anonymous_0)
FNDA:10761,(anonymous_1)
FNDA:8,getData
FNDA:440,(anonymous_3)
FNDA:660,(anonymous_4)
FNDA:1219,(anonymous_5)
DA:1,3
DA:3,3
DA:4,165
DA:5,165
DA:6,165
DA:7,165
DA:8,165
DA:9,10761
DA:10,10761
DA:11,10761
DA:12,10761
DA:13,10761
DA:14,7971
DA:20,8
DA:21,8
DA:22,8
DA:23,440
DA:24,660
DA:25,389
DA:26,660
DA:28,440
DA:29,277
DA:31,8
DA:32,1219
DA:33,369
DA:34,850
DA:36,8
DA:39,3
LF:28
LH:28
BRDA:9,0,0,10761
BRDA:9,0,1,0
BRDA:13,1,0,7971
BRDA:13,1,1,2790
BRDA:14,2,0,7740
BRDA:14,2,1,231
BRDA:24,3,0,389
BRDA:24,3,1,271
BRDA:28,4,0,277
BRDA:28,4,1,163
BRDA:32,5,0,369
BRDA:32,5,1,850
BRDA:36,6,0,3
BRDA:36,6,1,5
BRF:14
BRH:13
end_of_record
