TN:
SF:commonTest.js
FNF:0
FNH:0
DA:1,1
DA:2,1
DA:14,1
LF:3
LH:3
BRF:0
BRH:0
end_of_record
TN:
SF:api/server.js
FN:14,(anonymous_0)
FNF:1
FNH:1
FNDA:1,(anonymous_0)
DA:1,1
DA:2,1
DA:3,1
DA:4,1
DA:6,1
DA:8,1
DA:9,1
DA:10,1
DA:12,1
DA:14,1
DA:16,1
LF:11
LH:11
BRF:0
BRH:0
end_of_record
TN:
SF:application/controller.js
FN:4,getLogic
FN:8,(anonymous_1)
FN:12,(anonymous_2)
FN:14,(anonymous_3)
FN:18,(anonymous_4)
FN:24,(anonymous_5)
FN:28,(anonymous_6)
FN:32,(anonymous_7)
FN:33,(anonymous_8)
FNF:9
FNH:9
FNDA:4,getLogic
FNDA:6,(anonymous_1)
FNDA:6,(anonymous_2)
FNDA:5,(anonymous_3)
FNDA:5,(anonymous_4)
FNDA:5,(anonymous_5)
FNDA:5,(anonymous_6)
FNDA:5,(anonymous_7)
FNDA:5,(anonymous_8)
DA:1,2
DA:2,2
DA:5,4
DA:6,4
DA:7,4
DA:8,4
DA:9,6
DA:11,4
DA:12,4
DA:13,6
DA:14,5
DA:15,5
DA:16,5
DA:18,5
DA:19,5
DA:21,5
DA:24,4
DA:25,5
DA:27,4
DA:28,4
DA:29,5
DA:30,5
DA:32,4
DA:33,5
DA:34,5
DA:37,4
DA:40,2
LF:27
LH:27
BRDA:13,0,0,5
BRDA:13,0,1,1
BRF:2
BRH:2
end_of_record
TN:
SF:repository/get-author-data.js
FN:3,getAuthorData
FN:5,(anonymous_1)
FN:6,(anonymous_2)
FNF:3
FNH:3
FNDA:5,getAuthorData
FNDA:5,(anonymous_1)
FNDA:5,(anonymous_2)
DA:1,3
DA:4,5
DA:5,5
DA:6,5
DA:7,5
DA:8,0
DA:10,5
DA:15,3
LF:8
LH:7
BRDA:7,0,0,0
BRDA:7,0,1,5
BRF:2
BRH:1
end_of_record
TN:
SF:repository/get-summary-data.js
FN:3,getSummaryData
FN:5,(anonymous_1)
FN:6,(anonymous_2)
FNF:3
FNH:3
FNDA:5,getSummaryData
FNDA:5,(anonymous_1)
FNDA:5,(anonymous_2)
DA:1,3
DA:4,5
DA:5,5
DA:6,5
DA:7,5
DA:8,0
DA:10,5
DA:15,3
LF:8
LH:7
BRDA:7,0,0,0
BRDA:7,0,1,5
BRF:2
BRH:1
end_of_record
